<?xml version="1.0" encoding="UTF-8"?>
<!-- Generated by org.testng.reporters.JUnitReportReporter -->
<testsuite skipped="0" hostname="DESKTOP-3SL4LUB" name="testcases.TestParametersXML" tests="2" failures="0" timestamp="05 Jun 2019 12:16:18 GMT" time="37.655" errors="0">
  <testcase name="launchBrowser" time="13.485" classname="testcases.TestParametersXML"/>
  <testcase name="launchBrowser" time="24.170" classname="testcases.TestParametersXML"/>
</testsuite> <!-- testcases.TestParametersXML -->
